Jun 22, 2024 4:47:30 PM com.qapitol.sauron.core.CoreListener alter
FINER: ENTRY
Jun 22, 2024 4:47:31 PM com.qapitol.sauron.core.CoreListener alter
FINER: RETURN
Jun 22, 2024 4:47:31 PM com.qapitol.sauron.common.configuration.Config initConfig
FINER: ENTRY
Jun 22, 2024 4:47:31 PM com.qapitol.sauron.common.configuration.Config initConfig
FINER: ENTRY {}
Jun 22, 2024 4:47:31 PM com.qapitol.sauron.common.configuration.Config initConfig
FINER: RETURN
Jun 22, 2024 4:47:31 PM com.qapitol.sauron.common.configuration.Config initConfig
FINER: RETURN
Jun 22, 2024 4:47:32 PM com.qapitol.sauron.core.pages.PageModule configure
FINER: ENTRY
Jun 22, 2024 4:47:32 PM com.qapitol.sauron.core.pages.PageModule bindToPages
FINER: ENTRY
Jun 22, 2024 4:47:32 PM com.qapitol.sauron.core.pages.PageModule loadFromServiceLoader
FINER: ENTRY
Jun 22, 2024 4:47:32 PM com.qapitol.sauron.core.pages.PageModule loadFromServiceLoader
FINER: RETURN
Jun 22, 2024 4:47:32 PM com.qapitol.sauron.core.pages.PageModule bindToPages
FINER: RETURN
Jun 22, 2024 4:47:32 PM com.qapitol.sauron.core.pages.PageModule configure
FINER: RETURN
Jun 22, 2024 4:47:32 PM com.qapitol.sauron.core.CoreListener onStart
FINER: ENTRY
Jun 22, 2024 4:47:32 PM com.qapitol.sauron.common.utils.FileAssistant loadFile
FINER: ENTRY src/test/resources/ScripBox.properties
Jun 22, 2024 4:47:32 PM com.qapitol.sauron.common.utils.FileAssistant loadFile
FINER: RETURN
Jun 22, 2024 4:47:32 PM com.qapitol.sauron.common.configuration.Config initConfig
FINER: ENTRY org.testng.SuiteRunner@497d4c96
Jun 22, 2024 4:47:32 PM com.qapitol.sauron.common.configuration.Config initConfig
FINER: ENTRY {sessions=sessions.yaml, pagesPackage=com.qapitol.sample.apitest, api.base.url=https://reqres.in/api}
Jun 22, 2024 4:47:32 PM com.qapitol.sauron.common.configuration.Config initConfig
FINER: RETURN
Jun 22, 2024 4:47:32 PM com.qapitol.sauron.common.configuration.Config initConfig
FINER: RETURN
Jun 22, 2024 4:47:32 PM com.qapitol.sauron.core.CoreListener onStart
FINER: RETURN
Jun 22, 2024 4:47:33 PM com.qapitol.sauron.core.CoreListener onStart
FINER: ENTRY
Jun 22, 2024 4:47:33 PM com.qapitol.sauron.common.configuration.Config initConfig
FINER: ENTRY org.testng.TestRunner@2c9306d3
Jun 22, 2024 4:47:33 PM com.qapitol.sauron.common.configuration.ConfigManager addConfig
FINER: ENTRY Sauron 4 api testcases com.qapitol.sauron.common.configuration.LocalConfig@7d0cd23c
Jun 22, 2024 4:47:33 PM com.qapitol.sauron.common.configuration.ConfigManager addConfig
FINER: RETURN
Jun 22, 2024 4:47:33 PM com.qapitol.sauron.common.configuration.Config initConfig
FINER: RETURN
Jun 22, 2024 4:47:33 PM com.qapitol.sauron.common.configuration.ConfigManager getConfig
FINER: ENTRY Sauron 4 api testcases
Jun 22, 2024 4:47:33 PM com.qapitol.sauron.common.configuration.ConfigManager getConfig
FINER: RETURN com.qapitol.sauron.common.configuration.LocalConfig@7d0cd23c
Jun 22, 2024 4:47:33 PM com.qapitol.sauron.common.configuration.LocalConfig getConfigProperty
FINER: ENTRY SESSIONS
Jun 22, 2024 4:47:33 PM com.qapitol.sauron.common.configuration.LocalConfig getConfigProperty
FINER: RETURN sessions.yaml
Jun 22, 2024 4:47:33 PM com.qapitol.sauron.common.utils.FileAssistant loadFile
FINER: ENTRY sessions.yaml
Jun 22, 2024 4:47:33 PM com.qapitol.sauron.common.utils.FileAssistant loadFile
FINER: RETURN
Jun 22, 2024 4:47:33 PM com.qapitol.sauron.core.CoreListener onStart
FINER: RETURN
Jun 22, 2024 4:47:33 PM com.qapitol.sauron.core.CoreListener beforeInvocation
FINER: ENTRY ApiTest.LoginAPI()[pri:0, instance:com.scripBox.apitest.ApiTest@3f5156a6] 1062295206 [TestResult name=LoginAPI status=STARTED method=ApiTest.LoginAPI()[pri:0, instance:com.scripBox.apitest.ApiTest@3f5156a6] output={null}] org.testng.TestRunner@2c9306d3
Jun 22, 2024 4:47:33 PM com.qapitol.sauron.core.CoreListener beforeInvocation
FINER: RETURN
Jun 22, 2024 4:47:35 PM com.qapitol.sauron.api.providers.impl.JaxRsFilter filter
INFO: --- API Request ---
Jun 22, 2024 4:47:35 PM com.qapitol.sauron.api.providers.impl.JaxRsFilter filter
INFO: https://reqres.in/api/login
Jun 22, 2024 4:47:35 PM com.qapitol.sauron.api.providers.impl.JaxRsFilter filter
INFO: Headers :
Jun 22, 2024 4:47:35 PM com.qapitol.sauron.api.providers.impl.JaxRsFilter lambda$filter$1
INFO: Content-Type: [application/json]
Jun 22, 2024 4:47:35 PM com.qapitol.sauron.api.providers.impl.JaxRsFilter lambda$filter$1
INFO: Accept: [application/json]
Jun 22, 2024 4:47:36 PM com.qapitol.sauron.api.providers.impl.JaxRsFilter filter
INFO: --- API Response ---
Jun 22, 2024 4:47:36 PM com.qapitol.sauron.api.providers.impl.JaxRsFilter filter
INFO: https://reqres.in/api/login
Jun 22, 2024 4:47:36 PM com.qapitol.sauron.api.providers.impl.JaxRsFilter filter
INFO: Headers :
Jun 22, 2024 4:47:36 PM com.qapitol.sauron.api.providers.impl.JaxRsFilter lambda$filter$0
INFO: Access-Control-Allow-Origin: [*]
Jun 22, 2024 4:47:36 PM com.qapitol.sauron.api.providers.impl.JaxRsFilter lambda$filter$0
INFO: CF-Cache-Status: [DYNAMIC]
Jun 22, 2024 4:47:36 PM com.qapitol.sauron.api.providers.impl.JaxRsFilter lambda$filter$0
INFO: CF-RAY: [897bd536ac861794-MAA]
Jun 22, 2024 4:47:36 PM com.qapitol.sauron.api.providers.impl.JaxRsFilter lambda$filter$0
INFO: connection: [keep-alive]
Jun 22, 2024 4:47:36 PM com.qapitol.sauron.api.providers.impl.JaxRsFilter lambda$filter$0
INFO: Content-Length: [29]
Jun 22, 2024 4:47:36 PM com.qapitol.sauron.api.providers.impl.JaxRsFilter lambda$filter$0
INFO: content-type: [application/json; charset=utf-8]
Jun 22, 2024 4:47:36 PM com.qapitol.sauron.api.providers.impl.JaxRsFilter lambda$filter$0
INFO: Date: [Sat, 22 Jun 2024 11:17:36 GMT]
Jun 22, 2024 4:47:36 PM com.qapitol.sauron.api.providers.impl.JaxRsFilter lambda$filter$0
INFO: Etag: [W/"1d-lGCrvD6B7Qzk11+2C98+nGhhuec"]
Jun 22, 2024 4:47:36 PM com.qapitol.sauron.api.providers.impl.JaxRsFilter lambda$filter$0
INFO: Nel: [{"report_to":"heroku-nel","max_age":3600,"success_fraction":0.005,"failure_fraction":0.05,"response_headers":["Via"]}]
Jun 22, 2024 4:47:36 PM com.qapitol.sauron.api.providers.impl.JaxRsFilter lambda$filter$0
INFO: Report-To: [{"group":"heroku-nel","max_age":3600,"endpoints":[{"url":"https://nel.heroku.com/reports?ts=1719055056&sid=c4c9725f-1ab0-44d8-820f-430df2718e11&s=bNUvBj2mi%2BvmaE6pCyeEFhZyrU5RfdVrgHkgJkCfaWA%3D"}]}]
Jun 22, 2024 4:47:36 PM com.qapitol.sauron.api.providers.impl.JaxRsFilter lambda$filter$0
INFO: Reporting-Endpoints: [heroku-nel=https://nel.heroku.com/reports?ts=1719055056&sid=c4c9725f-1ab0-44d8-820f-430df2718e11&s=bNUvBj2mi%2BvmaE6pCyeEFhZyrU5RfdVrgHkgJkCfaWA%3D]
Jun 22, 2024 4:47:36 PM com.qapitol.sauron.api.providers.impl.JaxRsFilter lambda$filter$0
INFO: Server: [cloudflare]
Jun 22, 2024 4:47:36 PM com.qapitol.sauron.api.providers.impl.JaxRsFilter lambda$filter$0
INFO: Via: [1.1 vegur]
Jun 22, 2024 4:47:36 PM com.qapitol.sauron.api.providers.impl.JaxRsFilter lambda$filter$0
INFO: X-Powered-By: [Express]
Jun 22, 2024 4:47:36 PM com.scripBox.apitest.impl.LoginServiceImpl login
INFO: Login called and Token is QpwL5tke4Pnpja7X4
Jun 22, 2024 4:47:36 PM com.qapitol.sauron.api.providers.impl.JaxRsFilter filter
INFO: --- API Request ---
Jun 22, 2024 4:47:36 PM com.qapitol.sauron.api.providers.impl.JaxRsFilter filter
INFO: https://reqres.in/api/login
Jun 22, 2024 4:47:36 PM com.qapitol.sauron.api.providers.impl.JaxRsFilter filter
INFO: Headers :
Jun 22, 2024 4:47:36 PM com.qapitol.sauron.api.providers.impl.JaxRsFilter lambda$filter$1
INFO: Authorization: [Bearer QpwL5tke4Pnpja7X4]
Jun 22, 2024 4:47:36 PM com.qapitol.sauron.api.providers.impl.JaxRsFilter lambda$filter$1
INFO: Content-Type: [application/json]
Jun 22, 2024 4:47:36 PM com.qapitol.sauron.api.providers.impl.JaxRsFilter lambda$filter$1
INFO: Accept: [application/json]
Jun 22, 2024 4:47:37 PM com.qapitol.sauron.api.providers.impl.JaxRsFilter filter
INFO: --- API Response ---
Jun 22, 2024 4:47:37 PM com.qapitol.sauron.api.providers.impl.JaxRsFilter filter
INFO: https://reqres.in/api/login
Jun 22, 2024 4:47:37 PM com.qapitol.sauron.api.providers.impl.JaxRsFilter filter
INFO: Headers :
Jun 22, 2024 4:47:37 PM com.qapitol.sauron.api.providers.impl.JaxRsFilter lambda$filter$0
INFO: Access-Control-Allow-Origin: [*]
Jun 22, 2024 4:47:37 PM com.qapitol.sauron.api.providers.impl.JaxRsFilter lambda$filter$0
INFO: CF-Cache-Status: [DYNAMIC]
Jun 22, 2024 4:47:37 PM com.qapitol.sauron.api.providers.impl.JaxRsFilter lambda$filter$0
INFO: CF-RAY: [897bd53b19ff7fab-MAA]
Jun 22, 2024 4:47:37 PM com.qapitol.sauron.api.providers.impl.JaxRsFilter lambda$filter$0
INFO: connection: [keep-alive]
Jun 22, 2024 4:47:37 PM com.qapitol.sauron.api.providers.impl.JaxRsFilter lambda$filter$0
INFO: Content-Length: [29]
Jun 22, 2024 4:47:37 PM com.qapitol.sauron.api.providers.impl.JaxRsFilter lambda$filter$0
INFO: content-type: [application/json; charset=utf-8]
Jun 22, 2024 4:47:37 PM com.qapitol.sauron.api.providers.impl.JaxRsFilter lambda$filter$0
INFO: Date: [Sat, 22 Jun 2024 11:17:37 GMT]
Jun 22, 2024 4:47:37 PM com.qapitol.sauron.api.providers.impl.JaxRsFilter lambda$filter$0
INFO: Etag: [W/"1d-lGCrvD6B7Qzk11+2C98+nGhhuec"]
Jun 22, 2024 4:47:37 PM com.qapitol.sauron.api.providers.impl.JaxRsFilter lambda$filter$0
INFO: Nel: [{"report_to":"heroku-nel","max_age":3600,"success_fraction":0.005,"failure_fraction":0.05,"response_headers":["Via"]}]
Jun 22, 2024 4:47:37 PM com.qapitol.sauron.api.providers.impl.JaxRsFilter lambda$filter$0
INFO: Report-To: [{"group":"heroku-nel","max_age":3600,"endpoints":[{"url":"https://nel.heroku.com/reports?ts=1719055057&sid=c4c9725f-1ab0-44d8-820f-430df2718e11&s=QtwBP0J9%2FT654bHA17bnMmnHzH%2BDJIEsspG41LhsbJo%3D"}]}]
Jun 22, 2024 4:47:37 PM com.qapitol.sauron.api.providers.impl.JaxRsFilter lambda$filter$0
INFO: Reporting-Endpoints: [heroku-nel=https://nel.heroku.com/reports?ts=1719055057&sid=c4c9725f-1ab0-44d8-820f-430df2718e11&s=QtwBP0J9%2FT654bHA17bnMmnHzH%2BDJIEsspG41LhsbJo%3D]
Jun 22, 2024 4:47:37 PM com.qapitol.sauron.api.providers.impl.JaxRsFilter lambda$filter$0
INFO: Server: [cloudflare]
Jun 22, 2024 4:47:37 PM com.qapitol.sauron.api.providers.impl.JaxRsFilter lambda$filter$0
INFO: Via: [1.1 vegur]
Jun 22, 2024 4:47:37 PM com.qapitol.sauron.api.providers.impl.JaxRsFilter lambda$filter$0
INFO: X-Powered-By: [Express]
Jun 22, 2024 4:47:37 PM com.scripBox.apitest.impl.LoginServiceImpl login
INFO: Login called and Token is QpwL5tke4Pnpja7X4
Jun 22, 2024 4:47:38 PM com.qapitol.sauron.core.CoreListener afterInvocation
FINER: ENTRY ApiTest.LoginAPI()[pri:0, instance:com.scripBox.apitest.ApiTest@3f5156a6] 1062295206 [TestResult name=LoginAPI status=SUCCESS method=ApiTest.LoginAPI()[pri:0, instance:com.scripBox.apitest.ApiTest@3f5156a6] output={null}] org.testng.TestRunner@2c9306d3
Jun 22, 2024 4:47:38 PM com.qapitol.sauron.core.CoreListener afterInvocation
FINER: RETURN
Jun 22, 2024 4:47:38 PM com.qapitol.sauron.core.CoreListener beforeInvocation
FINER: ENTRY ApiTest.NegativeLoginAPI()[pri:0, instance:com.scripBox.apitest.ApiTest@3f5156a6] 1062295206 [TestResult name=NegativeLoginAPI status=STARTED method=ApiTest.NegativeLoginAPI()[pri:0, instance:com.scripBox.apitest.ApiTest@3f5156a6] output={null}] org.testng.TestRunner@2c9306d3
Jun 22, 2024 4:47:38 PM com.qapitol.sauron.core.CoreListener beforeInvocation
FINER: RETURN
Jun 22, 2024 4:47:38 PM com.qapitol.sauron.api.providers.impl.JaxRsFilter filter
INFO: --- API Request ---
Jun 22, 2024 4:47:38 PM com.qapitol.sauron.api.providers.impl.JaxRsFilter filter
INFO: https://reqres.in/api/register
Jun 22, 2024 4:47:38 PM com.qapitol.sauron.api.providers.impl.JaxRsFilter filter
INFO: Headers :
Jun 22, 2024 4:47:38 PM com.qapitol.sauron.api.providers.impl.JaxRsFilter lambda$filter$1
INFO: Authorization: [Bearer QpwL5tke4Pnpja7X4]
Jun 22, 2024 4:47:38 PM com.qapitol.sauron.api.providers.impl.JaxRsFilter lambda$filter$1
INFO: Content-Type: [application/json]
Jun 22, 2024 4:47:38 PM com.qapitol.sauron.api.providers.impl.JaxRsFilter lambda$filter$1
INFO: Accept: [application/json]
Jun 22, 2024 4:47:38 PM com.qapitol.sauron.api.providers.impl.JaxRsFilter filter
INFO: --- API Response ---
Jun 22, 2024 4:47:38 PM com.qapitol.sauron.api.providers.impl.JaxRsFilter filter
INFO: https://reqres.in/api/register
Jun 22, 2024 4:47:38 PM com.qapitol.sauron.api.providers.impl.JaxRsFilter filter
INFO: Headers :
Jun 22, 2024 4:47:38 PM com.qapitol.sauron.api.providers.impl.JaxRsFilter lambda$filter$0
INFO: Access-Control-Allow-Origin: [*]
Jun 22, 2024 4:47:38 PM com.qapitol.sauron.api.providers.impl.JaxRsFilter lambda$filter$0
INFO: CF-Cache-Status: [DYNAMIC]
Jun 22, 2024 4:47:38 PM com.qapitol.sauron.api.providers.impl.JaxRsFilter lambda$filter$0
INFO: CF-RAY: [897bd54269189135-MAA]
Jun 22, 2024 4:47:38 PM com.qapitol.sauron.api.providers.impl.JaxRsFilter lambda$filter$0
INFO: connection: [keep-alive]
Jun 22, 2024 4:47:38 PM com.qapitol.sauron.api.providers.impl.JaxRsFilter lambda$filter$0
INFO: Content-Length: [28]
Jun 22, 2024 4:47:38 PM com.qapitol.sauron.api.providers.impl.JaxRsFilter lambda$filter$0
INFO: content-type: [application/json; charset=utf-8]
Jun 22, 2024 4:47:38 PM com.qapitol.sauron.api.providers.impl.JaxRsFilter lambda$filter$0
INFO: Date: [Sat, 22 Jun 2024 11:17:38 GMT]
Jun 22, 2024 4:47:38 PM com.qapitol.sauron.api.providers.impl.JaxRsFilter lambda$filter$0
INFO: Etag: [W/"1c-NmpazMScs9tOqR7eDEesn+pqC9Q"]
Jun 22, 2024 4:47:38 PM com.qapitol.sauron.api.providers.impl.JaxRsFilter lambda$filter$0
INFO: Nel: [{"report_to":"heroku-nel","max_age":3600,"success_fraction":0.005,"failure_fraction":0.05,"response_headers":["Via"]}]
Jun 22, 2024 4:47:38 PM com.qapitol.sauron.api.providers.impl.JaxRsFilter lambda$filter$0
INFO: Report-To: [{"group":"heroku-nel","max_age":3600,"endpoints":[{"url":"https://nel.heroku.com/reports?ts=1719055058&sid=c4c9725f-1ab0-44d8-820f-430df2718e11&s=VXjZydnZfZF%2BQCC9Kq%2FDPBx9J730Aqe3mtyhi2qpFg0%3D"}]}]
Jun 22, 2024 4:47:38 PM com.qapitol.sauron.api.providers.impl.JaxRsFilter lambda$filter$0
INFO: Reporting-Endpoints: [heroku-nel=https://nel.heroku.com/reports?ts=1719055058&sid=c4c9725f-1ab0-44d8-820f-430df2718e11&s=VXjZydnZfZF%2BQCC9Kq%2FDPBx9J730Aqe3mtyhi2qpFg0%3D]
Jun 22, 2024 4:47:38 PM com.qapitol.sauron.api.providers.impl.JaxRsFilter lambda$filter$0
INFO: Server: [cloudflare]
Jun 22, 2024 4:47:38 PM com.qapitol.sauron.api.providers.impl.JaxRsFilter lambda$filter$0
INFO: Via: [1.1 vegur]
Jun 22, 2024 4:47:38 PM com.qapitol.sauron.api.providers.impl.JaxRsFilter lambda$filter$0
INFO: X-Powered-By: [Express]
Jun 22, 2024 4:47:38 PM com.qapitol.sauron.core.CoreListener afterInvocation
FINER: ENTRY ApiTest.NegativeLoginAPI()[pri:0, instance:com.scripBox.apitest.ApiTest@3f5156a6] 1062295206 [TestResult name=NegativeLoginAPI status=FAILURE method=ApiTest.NegativeLoginAPI()[pri:0, instance:com.scripBox.apitest.ApiTest@3f5156a6] output={null}] org.testng.TestRunner@2c9306d3
Jun 22, 2024 4:47:38 PM com.qapitol.sauron.core.CoreListener afterInvocation
FINER: RETURN
Jun 22, 2024 4:47:38 PM com.qapitol.sauron.core.RetryAnalyzer retry
FINER: ENTRY
Jun 22, 2024 4:47:38 PM com.qapitol.sauron.core.RetryAnalyzer retry
FINE: RetryAnalyzer, Retrycount: 0
Jun 22, 2024 4:47:38 PM com.qapitol.sauron.core.RetryAnalyzer retry
FINER: RETURN
Jun 22, 2024 4:47:38 PM com.qapitol.sauron.core.CoreListener beforeInvocation
FINER: ENTRY ApiTest.NegativeRegisterAPI()[pri:0, instance:com.scripBox.apitest.ApiTest@3f5156a6] 1062295206 [TestResult name=NegativeRegisterAPI status=STARTED method=ApiTest.NegativeRegisterAPI()[pri:0, instance:com.scripBox.apitest.ApiTest@3f5156a6] output={null}] org.testng.TestRunner@2c9306d3
Jun 22, 2024 4:47:38 PM com.qapitol.sauron.core.CoreListener beforeInvocation
FINER: RETURN
Jun 22, 2024 4:47:38 PM com.qapitol.sauron.api.providers.impl.JaxRsFilter filter
INFO: --- API Request ---
Jun 22, 2024 4:47:38 PM com.qapitol.sauron.api.providers.impl.JaxRsFilter filter
INFO: https://reqres.in/api/register
Jun 22, 2024 4:47:38 PM com.qapitol.sauron.api.providers.impl.JaxRsFilter filter
INFO: Headers :
Jun 22, 2024 4:47:38 PM com.qapitol.sauron.api.providers.impl.JaxRsFilter lambda$filter$1
INFO: Authorization: [Bearer QpwL5tke4Pnpja7X4]
Jun 22, 2024 4:47:38 PM com.qapitol.sauron.api.providers.impl.JaxRsFilter lambda$filter$1
INFO: Content-Type: [application/json]
Jun 22, 2024 4:47:38 PM com.qapitol.sauron.api.providers.impl.JaxRsFilter lambda$filter$1
INFO: Accept: [application/json]
Jun 22, 2024 4:47:39 PM com.qapitol.sauron.api.providers.impl.JaxRsFilter filter
INFO: --- API Response ---
Jun 22, 2024 4:47:39 PM com.qapitol.sauron.api.providers.impl.JaxRsFilter filter
INFO: https://reqres.in/api/register
Jun 22, 2024 4:47:39 PM com.qapitol.sauron.api.providers.impl.JaxRsFilter filter
INFO: Headers :
Jun 22, 2024 4:47:39 PM com.qapitol.sauron.api.providers.impl.JaxRsFilter lambda$filter$0
INFO: Access-Control-Allow-Origin: [*]
Jun 22, 2024 4:47:39 PM com.qapitol.sauron.api.providers.impl.JaxRsFilter lambda$filter$0
INFO: CF-Cache-Status: [DYNAMIC]
Jun 22, 2024 4:47:39 PM com.qapitol.sauron.api.providers.impl.JaxRsFilter lambda$filter$0
INFO: CF-RAY: [897bd5460ec1398f-MAA]
Jun 22, 2024 4:47:39 PM com.qapitol.sauron.api.providers.impl.JaxRsFilter lambda$filter$0
INFO: connection: [keep-alive]
Jun 22, 2024 4:47:39 PM com.qapitol.sauron.api.providers.impl.JaxRsFilter lambda$filter$0
INFO: Content-Length: [28]
Jun 22, 2024 4:47:39 PM com.qapitol.sauron.api.providers.impl.JaxRsFilter lambda$filter$0
INFO: content-type: [application/json; charset=utf-8]
Jun 22, 2024 4:47:39 PM com.qapitol.sauron.api.providers.impl.JaxRsFilter lambda$filter$0
INFO: Date: [Sat, 22 Jun 2024 11:17:39 GMT]
Jun 22, 2024 4:47:39 PM com.qapitol.sauron.api.providers.impl.JaxRsFilter lambda$filter$0
INFO: Etag: [W/"1c-NmpazMScs9tOqR7eDEesn+pqC9Q"]
Jun 22, 2024 4:47:39 PM com.qapitol.sauron.api.providers.impl.JaxRsFilter lambda$filter$0
INFO: Nel: [{"report_to":"heroku-nel","max_age":3600,"success_fraction":0.005,"failure_fraction":0.05,"response_headers":["Via"]}]
Jun 22, 2024 4:47:39 PM com.qapitol.sauron.api.providers.impl.JaxRsFilter lambda$filter$0
INFO: Report-To: [{"group":"heroku-nel","max_age":3600,"endpoints":[{"url":"https://nel.heroku.com/reports?ts=1719055059&sid=c4c9725f-1ab0-44d8-820f-430df2718e11&s=0BD84igjMz3mJKu9gSXebjTgCGRS3PWAngVowZMp70s%3D"}]}]
Jun 22, 2024 4:47:39 PM com.qapitol.sauron.api.providers.impl.JaxRsFilter lambda$filter$0
INFO: Reporting-Endpoints: [heroku-nel=https://nel.heroku.com/reports?ts=1719055059&sid=c4c9725f-1ab0-44d8-820f-430df2718e11&s=0BD84igjMz3mJKu9gSXebjTgCGRS3PWAngVowZMp70s%3D]
Jun 22, 2024 4:47:39 PM com.qapitol.sauron.api.providers.impl.JaxRsFilter lambda$filter$0
INFO: Server: [cloudflare]
Jun 22, 2024 4:47:39 PM com.qapitol.sauron.api.providers.impl.JaxRsFilter lambda$filter$0
INFO: Via: [1.1 vegur]
Jun 22, 2024 4:47:39 PM com.qapitol.sauron.api.providers.impl.JaxRsFilter lambda$filter$0
INFO: X-Powered-By: [Express]
Jun 22, 2024 4:47:39 PM com.qapitol.sauron.core.CoreListener afterInvocation
FINER: ENTRY ApiTest.NegativeRegisterAPI()[pri:0, instance:com.scripBox.apitest.ApiTest@3f5156a6] 1062295206 [TestResult name=NegativeRegisterAPI status=FAILURE method=ApiTest.NegativeRegisterAPI()[pri:0, instance:com.scripBox.apitest.ApiTest@3f5156a6] output={null}] org.testng.TestRunner@2c9306d3
Jun 22, 2024 4:47:39 PM com.qapitol.sauron.core.CoreListener afterInvocation
FINER: RETURN
Jun 22, 2024 4:47:39 PM com.qapitol.sauron.core.RetryAnalyzer retry
FINER: ENTRY
Jun 22, 2024 4:47:39 PM com.qapitol.sauron.core.RetryAnalyzer retry
FINE: RetryAnalyzer, Retrycount: 0
Jun 22, 2024 4:47:39 PM com.qapitol.sauron.core.RetryAnalyzer retry
FINER: RETURN
Jun 22, 2024 4:47:39 PM com.qapitol.sauron.core.CoreListener beforeInvocation
FINER: ENTRY ApiTest.NegativeRegisterAPIWithInvalidPassword()[pri:0, instance:com.scripBox.apitest.ApiTest@3f5156a6] 1062295206 [TestResult name=NegativeRegisterAPIWithInvalidPassword status=STARTED method=ApiTest.NegativeRegisterAPIWithInvalidPassword()[pri:0, instance:com.scripBox.apitest.ApiTest@3f5156a6] output={null}] org.testng.TestRunner@2c9306d3
Jun 22, 2024 4:47:39 PM com.qapitol.sauron.core.CoreListener beforeInvocation
FINER: RETURN
Jun 22, 2024 4:47:39 PM com.qapitol.sauron.api.providers.impl.JaxRsFilter filter
INFO: --- API Request ---
Jun 22, 2024 4:47:39 PM com.qapitol.sauron.api.providers.impl.JaxRsFilter filter
INFO: https://reqres.in/api/register
Jun 22, 2024 4:47:39 PM com.qapitol.sauron.api.providers.impl.JaxRsFilter filter
INFO: Headers :
Jun 22, 2024 4:47:39 PM com.qapitol.sauron.api.providers.impl.JaxRsFilter lambda$filter$1
INFO: Authorization: [Bearer QpwL5tke4Pnpja7X4]
Jun 22, 2024 4:47:39 PM com.qapitol.sauron.api.providers.impl.JaxRsFilter lambda$filter$1
INFO: Content-Type: [application/json]
Jun 22, 2024 4:47:39 PM com.qapitol.sauron.api.providers.impl.JaxRsFilter lambda$filter$1
INFO: Accept: [application/json]
Jun 22, 2024 4:47:39 PM com.qapitol.sauron.api.providers.impl.JaxRsFilter filter
INFO: --- API Response ---
Jun 22, 2024 4:47:39 PM com.qapitol.sauron.api.providers.impl.JaxRsFilter filter
INFO: https://reqres.in/api/register
Jun 22, 2024 4:47:39 PM com.qapitol.sauron.api.providers.impl.JaxRsFilter filter
INFO: Headers :
Jun 22, 2024 4:47:39 PM com.qapitol.sauron.api.providers.impl.JaxRsFilter lambda$filter$0
INFO: Access-Control-Allow-Origin: [*]
Jun 22, 2024 4:47:39 PM com.qapitol.sauron.api.providers.impl.JaxRsFilter lambda$filter$0
INFO: CF-Cache-Status: [DYNAMIC]
Jun 22, 2024 4:47:39 PM com.qapitol.sauron.api.providers.impl.JaxRsFilter lambda$filter$0
INFO: CF-RAY: [897bd5493ce1a92b-MAA]
Jun 22, 2024 4:47:39 PM com.qapitol.sauron.api.providers.impl.JaxRsFilter lambda$filter$0
INFO: connection: [keep-alive]
Jun 22, 2024 4:47:39 PM com.qapitol.sauron.api.providers.impl.JaxRsFilter lambda$filter$0
INFO: Content-Length: [36]
Jun 22, 2024 4:47:39 PM com.qapitol.sauron.api.providers.impl.JaxRsFilter lambda$filter$0
INFO: content-type: [application/json; charset=utf-8]
Jun 22, 2024 4:47:39 PM com.qapitol.sauron.api.providers.impl.JaxRsFilter lambda$filter$0
INFO: Date: [Sat, 22 Jun 2024 11:17:39 GMT]
Jun 22, 2024 4:47:39 PM com.qapitol.sauron.api.providers.impl.JaxRsFilter lambda$filter$0
INFO: Etag: [W/"24-4iP0za1geN2he+ohu8F0FhCjLks"]
Jun 22, 2024 4:47:39 PM com.qapitol.sauron.api.providers.impl.JaxRsFilter lambda$filter$0
INFO: Nel: [{"report_to":"heroku-nel","max_age":3600,"success_fraction":0.005,"failure_fraction":0.05,"response_headers":["Via"]}]
Jun 22, 2024 4:47:39 PM com.qapitol.sauron.api.providers.impl.JaxRsFilter lambda$filter$0
INFO: Report-To: [{"group":"heroku-nel","max_age":3600,"endpoints":[{"url":"https://nel.heroku.com/reports?ts=1719055059&sid=c4c9725f-1ab0-44d8-820f-430df2718e11&s=0BD84igjMz3mJKu9gSXebjTgCGRS3PWAngVowZMp70s%3D"}]}]
Jun 22, 2024 4:47:39 PM com.qapitol.sauron.api.providers.impl.JaxRsFilter lambda$filter$0
INFO: Reporting-Endpoints: [heroku-nel=https://nel.heroku.com/reports?ts=1719055059&sid=c4c9725f-1ab0-44d8-820f-430df2718e11&s=0BD84igjMz3mJKu9gSXebjTgCGRS3PWAngVowZMp70s%3D]
Jun 22, 2024 4:47:39 PM com.qapitol.sauron.api.providers.impl.JaxRsFilter lambda$filter$0
INFO: Server: [cloudflare]
Jun 22, 2024 4:47:39 PM com.qapitol.sauron.api.providers.impl.JaxRsFilter lambda$filter$0
INFO: Via: [1.1 vegur]
Jun 22, 2024 4:47:39 PM com.qapitol.sauron.api.providers.impl.JaxRsFilter lambda$filter$0
INFO: X-Powered-By: [Express]
Jun 22, 2024 4:47:39 PM com.qapitol.sauron.core.CoreListener afterInvocation
FINER: ENTRY ApiTest.NegativeRegisterAPIWithInvalidPassword()[pri:0, instance:com.scripBox.apitest.ApiTest@3f5156a6] 1062295206 [TestResult name=NegativeRegisterAPIWithInvalidPassword status=FAILURE method=ApiTest.NegativeRegisterAPIWithInvalidPassword()[pri:0, instance:com.scripBox.apitest.ApiTest@3f5156a6] output={null}] org.testng.TestRunner@2c9306d3
Jun 22, 2024 4:47:39 PM com.qapitol.sauron.core.CoreListener afterInvocation
FINER: RETURN
Jun 22, 2024 4:47:39 PM com.qapitol.sauron.core.RetryAnalyzer retry
FINER: ENTRY
Jun 22, 2024 4:47:39 PM com.qapitol.sauron.core.RetryAnalyzer retry
FINE: RetryAnalyzer, Retrycount: 0
Jun 22, 2024 4:47:39 PM com.qapitol.sauron.core.RetryAnalyzer retry
FINER: RETURN
Jun 22, 2024 4:47:39 PM com.qapitol.sauron.core.CoreListener beforeInvocation
FINER: ENTRY ApiTest.ProfileAPI()[pri:0, instance:com.scripBox.apitest.ApiTest@3f5156a6] 1062295206 [TestResult name=ProfileAPI status=STARTED method=ApiTest.ProfileAPI()[pri:0, instance:com.scripBox.apitest.ApiTest@3f5156a6] output={null}] org.testng.TestRunner@2c9306d3
Jun 22, 2024 4:47:39 PM com.qapitol.sauron.core.CoreListener beforeInvocation
FINER: RETURN
Jun 22, 2024 4:47:39 PM com.qapitol.sauron.api.providers.impl.JaxRsFilter filter
INFO: --- API Request ---
Jun 22, 2024 4:47:39 PM com.qapitol.sauron.api.providers.impl.JaxRsFilter filter
INFO: https://reqres.in/api/user/profile/1
Jun 22, 2024 4:47:39 PM com.qapitol.sauron.api.providers.impl.JaxRsFilter filter
INFO: Headers :
Jun 22, 2024 4:47:39 PM com.qapitol.sauron.api.providers.impl.JaxRsFilter lambda$filter$1
INFO: Authorization: [Bearer QpwL5tke4Pnpja7X4]
Jun 22, 2024 4:47:39 PM com.qapitol.sauron.api.providers.impl.JaxRsFilter lambda$filter$1
INFO: Content-Type: [application/json]
Jun 22, 2024 4:47:39 PM com.qapitol.sauron.api.providers.impl.JaxRsFilter lambda$filter$1
INFO: Accept: [application/json]
Jun 22, 2024 4:47:40 PM com.qapitol.sauron.api.providers.impl.JaxRsFilter filter
INFO: --- API Response ---
Jun 22, 2024 4:47:40 PM com.qapitol.sauron.api.providers.impl.JaxRsFilter filter
INFO: https://reqres.in/api/user/profile/1
Jun 22, 2024 4:47:40 PM com.qapitol.sauron.api.providers.impl.JaxRsFilter filter
INFO: Headers :
Jun 22, 2024 4:47:40 PM com.qapitol.sauron.api.providers.impl.JaxRsFilter lambda$filter$0
INFO: Access-Control-Allow-Origin: [*]
Jun 22, 2024 4:47:40 PM com.qapitol.sauron.api.providers.impl.JaxRsFilter lambda$filter$0
INFO: CF-Cache-Status: [BYPASS]
Jun 22, 2024 4:47:40 PM com.qapitol.sauron.api.providers.impl.JaxRsFilter lambda$filter$0
INFO: CF-RAY: [897bd54c9b3717a0-MAA]
Jun 22, 2024 4:47:40 PM com.qapitol.sauron.api.providers.impl.JaxRsFilter lambda$filter$0
INFO: connection: [keep-alive]
Jun 22, 2024 4:47:40 PM com.qapitol.sauron.api.providers.impl.JaxRsFilter lambda$filter$0
INFO: Content-Length: [2]
Jun 22, 2024 4:47:40 PM com.qapitol.sauron.api.providers.impl.JaxRsFilter lambda$filter$0
INFO: content-type: [application/json; charset=utf-8]
Jun 22, 2024 4:47:40 PM com.qapitol.sauron.api.providers.impl.JaxRsFilter lambda$filter$0
INFO: Date: [Sat, 22 Jun 2024 11:17:40 GMT]
Jun 22, 2024 4:47:40 PM com.qapitol.sauron.api.providers.impl.JaxRsFilter lambda$filter$0
INFO: Etag: [W/"2-vyGp6PvFo4RvsFtPoIWeCReyIC8"]
Jun 22, 2024 4:47:40 PM com.qapitol.sauron.api.providers.impl.JaxRsFilter lambda$filter$0
INFO: Nel: [{"report_to":"heroku-nel","max_age":3600,"success_fraction":0.005,"failure_fraction":0.05,"response_headers":["Via"]}]
Jun 22, 2024 4:47:40 PM com.qapitol.sauron.api.providers.impl.JaxRsFilter lambda$filter$0
INFO: Report-To: [{"group":"heroku-nel","max_age":3600,"endpoints":[{"url":"https://nel.heroku.com/reports?ts=1719055060&sid=c4c9725f-1ab0-44d8-820f-430df2718e11&s=UlHl%2FqrCv83PciN6sw5cHDpRzDUbH2VQ1OTD%2B985SiI%3D"}]}]
Jun 22, 2024 4:47:40 PM com.qapitol.sauron.api.providers.impl.JaxRsFilter lambda$filter$0
INFO: Reporting-Endpoints: [heroku-nel=https://nel.heroku.com/reports?ts=1719055060&sid=c4c9725f-1ab0-44d8-820f-430df2718e11&s=UlHl%2FqrCv83PciN6sw5cHDpRzDUbH2VQ1OTD%2B985SiI%3D]
Jun 22, 2024 4:47:40 PM com.qapitol.sauron.api.providers.impl.JaxRsFilter lambda$filter$0
INFO: Server: [cloudflare]
Jun 22, 2024 4:47:40 PM com.qapitol.sauron.api.providers.impl.JaxRsFilter lambda$filter$0
INFO: Via: [1.1 vegur]
Jun 22, 2024 4:47:40 PM com.qapitol.sauron.api.providers.impl.JaxRsFilter lambda$filter$0
INFO: X-Powered-By: [Express]
Jun 22, 2024 4:47:40 PM com.qapitol.sauron.core.CoreListener afterInvocation
FINER: ENTRY ApiTest.ProfileAPI()[pri:0, instance:com.scripBox.apitest.ApiTest@3f5156a6] 1062295206 [TestResult name=ProfileAPI status=FAILURE method=ApiTest.ProfileAPI()[pri:0, instance:com.scripBox.apitest.ApiTest@3f5156a6] output={null}] org.testng.TestRunner@2c9306d3
Jun 22, 2024 4:47:40 PM com.qapitol.sauron.core.CoreListener afterInvocation
FINER: RETURN
Jun 22, 2024 4:47:40 PM com.qapitol.sauron.core.RetryAnalyzer retry
FINER: ENTRY
Jun 22, 2024 4:47:40 PM com.qapitol.sauron.core.RetryAnalyzer retry
FINE: RetryAnalyzer, Retrycount: 0
Jun 22, 2024 4:47:40 PM com.qapitol.sauron.core.RetryAnalyzer retry
FINER: RETURN
Jun 22, 2024 4:47:40 PM com.qapitol.sauron.core.CoreListener beforeInvocation
FINER: ENTRY ApiTest.RegisterAPI()[pri:0, instance:com.scripBox.apitest.ApiTest@3f5156a6] 1062295206 [TestResult name=RegisterAPI status=STARTED method=ApiTest.RegisterAPI()[pri:0, instance:com.scripBox.apitest.ApiTest@3f5156a6] output={null}] org.testng.TestRunner@2c9306d3
Jun 22, 2024 4:47:40 PM com.qapitol.sauron.core.CoreListener beforeInvocation
FINER: RETURN
Jun 22, 2024 4:47:40 PM com.qapitol.sauron.api.providers.impl.JaxRsFilter filter
INFO: --- API Request ---
Jun 22, 2024 4:47:40 PM com.qapitol.sauron.api.providers.impl.JaxRsFilter filter
INFO: https://reqres.in/api/register
Jun 22, 2024 4:47:40 PM com.qapitol.sauron.api.providers.impl.JaxRsFilter filter
INFO: Headers :
Jun 22, 2024 4:47:40 PM com.qapitol.sauron.api.providers.impl.JaxRsFilter lambda$filter$1
INFO: Authorization: [Bearer QpwL5tke4Pnpja7X4]
Jun 22, 2024 4:47:40 PM com.qapitol.sauron.api.providers.impl.JaxRsFilter lambda$filter$1
INFO: Content-Type: [application/json]
Jun 22, 2024 4:47:40 PM com.qapitol.sauron.api.providers.impl.JaxRsFilter lambda$filter$1
INFO: Accept: [application/json]
Jun 22, 2024 4:47:40 PM com.qapitol.sauron.api.providers.impl.JaxRsFilter filter
INFO: --- API Response ---
Jun 22, 2024 4:47:40 PM com.qapitol.sauron.api.providers.impl.JaxRsFilter filter
INFO: https://reqres.in/api/register
Jun 22, 2024 4:47:40 PM com.qapitol.sauron.api.providers.impl.JaxRsFilter filter
INFO: Headers :
Jun 22, 2024 4:47:40 PM com.qapitol.sauron.api.providers.impl.JaxRsFilter lambda$filter$0
INFO: Access-Control-Allow-Origin: [*]
Jun 22, 2024 4:47:40 PM com.qapitol.sauron.api.providers.impl.JaxRsFilter lambda$filter$0
INFO: CF-Cache-Status: [DYNAMIC]
Jun 22, 2024 4:47:40 PM com.qapitol.sauron.api.providers.impl.JaxRsFilter lambda$filter$0
INFO: CF-RAY: [897bd5504f4e7ff5-MAA]
Jun 22, 2024 4:47:40 PM com.qapitol.sauron.api.providers.impl.JaxRsFilter lambda$filter$0
INFO: connection: [keep-alive]
Jun 22, 2024 4:47:40 PM com.qapitol.sauron.api.providers.impl.JaxRsFilter lambda$filter$0
INFO: Content-Length: [36]
Jun 22, 2024 4:47:40 PM com.qapitol.sauron.api.providers.impl.JaxRsFilter lambda$filter$0
INFO: content-type: [application/json; charset=utf-8]
Jun 22, 2024 4:47:40 PM com.qapitol.sauron.api.providers.impl.JaxRsFilter lambda$filter$0
INFO: Date: [Sat, 22 Jun 2024 11:17:40 GMT]
Jun 22, 2024 4:47:40 PM com.qapitol.sauron.api.providers.impl.JaxRsFilter lambda$filter$0
INFO: Etag: [W/"24-4iP0za1geN2he+ohu8F0FhCjLks"]
Jun 22, 2024 4:47:40 PM com.qapitol.sauron.api.providers.impl.JaxRsFilter lambda$filter$0
INFO: Nel: [{"report_to":"heroku-nel","max_age":3600,"success_fraction":0.005,"failure_fraction":0.05,"response_headers":["Via"]}]
Jun 22, 2024 4:47:40 PM com.qapitol.sauron.api.providers.impl.JaxRsFilter lambda$filter$0
INFO: Report-To: [{"group":"heroku-nel","max_age":3600,"endpoints":[{"url":"https://nel.heroku.com/reports?ts=1719055060&sid=c4c9725f-1ab0-44d8-820f-430df2718e11&s=UlHl%2FqrCv83PciN6sw5cHDpRzDUbH2VQ1OTD%2B985SiI%3D"}]}]
Jun 22, 2024 4:47:40 PM com.qapitol.sauron.api.providers.impl.JaxRsFilter lambda$filter$0
INFO: Reporting-Endpoints: [heroku-nel=https://nel.heroku.com/reports?ts=1719055060&sid=c4c9725f-1ab0-44d8-820f-430df2718e11&s=UlHl%2FqrCv83PciN6sw5cHDpRzDUbH2VQ1OTD%2B985SiI%3D]
Jun 22, 2024 4:47:40 PM com.qapitol.sauron.api.providers.impl.JaxRsFilter lambda$filter$0
INFO: Server: [cloudflare]
Jun 22, 2024 4:47:40 PM com.qapitol.sauron.api.providers.impl.JaxRsFilter lambda$filter$0
INFO: Via: [1.1 vegur]
Jun 22, 2024 4:47:40 PM com.qapitol.sauron.api.providers.impl.JaxRsFilter lambda$filter$0
INFO: X-Powered-By: [Express]
Jun 22, 2024 4:47:40 PM com.qapitol.sauron.core.CoreListener afterInvocation
FINER: ENTRY ApiTest.RegisterAPI()[pri:0, instance:com.scripBox.apitest.ApiTest@3f5156a6] 1062295206 [TestResult name=RegisterAPI status=SUCCESS method=ApiTest.RegisterAPI()[pri:0, instance:com.scripBox.apitest.ApiTest@3f5156a6] output={null}] org.testng.TestRunner@2c9306d3
Jun 22, 2024 4:47:40 PM com.qapitol.sauron.core.CoreListener afterInvocation
FINER: RETURN
Jun 22, 2024 4:47:40 PM com.qapitol.sauron.core.CoreListener beforeInvocation
FINER: ENTRY ApiTest.UnknownAPI()[pri:0, instance:com.scripBox.apitest.ApiTest@3f5156a6] 1062295206 [TestResult name=UnknownAPI status=STARTED method=ApiTest.UnknownAPI()[pri:0, instance:com.scripBox.apitest.ApiTest@3f5156a6] output={null}] org.testng.TestRunner@2c9306d3
Jun 22, 2024 4:47:40 PM com.qapitol.sauron.core.CoreListener beforeInvocation
FINER: RETURN
Jun 22, 2024 4:47:40 PM com.qapitol.sauron.api.providers.impl.JaxRsFilter filter
INFO: --- API Request ---
Jun 22, 2024 4:47:40 PM com.qapitol.sauron.api.providers.impl.JaxRsFilter filter
INFO: https://reqres.in/api/resources/unknown
Jun 22, 2024 4:47:40 PM com.qapitol.sauron.api.providers.impl.JaxRsFilter filter
INFO: Headers :
Jun 22, 2024 4:47:40 PM com.qapitol.sauron.api.providers.impl.JaxRsFilter lambda$filter$1
INFO: Authorization: [Bearer QpwL5tke4Pnpja7X4]
Jun 22, 2024 4:47:40 PM com.qapitol.sauron.api.providers.impl.JaxRsFilter lambda$filter$1
INFO: Content-Type: [application/json]
Jun 22, 2024 4:47:40 PM com.qapitol.sauron.api.providers.impl.JaxRsFilter lambda$filter$1
INFO: Accept: [application/json]
Jun 22, 2024 4:47:41 PM com.qapitol.sauron.api.providers.impl.JaxRsFilter filter
INFO: --- API Response ---
Jun 22, 2024 4:47:41 PM com.qapitol.sauron.api.providers.impl.JaxRsFilter filter
INFO: https://reqres.in/api/resources/unknown
Jun 22, 2024 4:47:41 PM com.qapitol.sauron.api.providers.impl.JaxRsFilter filter
INFO: Headers :
Jun 22, 2024 4:47:41 PM com.qapitol.sauron.api.providers.impl.JaxRsFilter lambda$filter$0
INFO: Access-Control-Allow-Origin: [*]
Jun 22, 2024 4:47:41 PM com.qapitol.sauron.api.providers.impl.JaxRsFilter lambda$filter$0
INFO: CF-Cache-Status: [BYPASS]
Jun 22, 2024 4:47:41 PM com.qapitol.sauron.api.providers.impl.JaxRsFilter lambda$filter$0
INFO: CF-RAY: [897bd55358efb2a3-MAA]
Jun 22, 2024 4:47:41 PM com.qapitol.sauron.api.providers.impl.JaxRsFilter lambda$filter$0
INFO: connection: [keep-alive]
Jun 22, 2024 4:47:41 PM com.qapitol.sauron.api.providers.impl.JaxRsFilter lambda$filter$0
INFO: Content-Length: [2]
Jun 22, 2024 4:47:41 PM com.qapitol.sauron.api.providers.impl.JaxRsFilter lambda$filter$0
INFO: content-type: [application/json; charset=utf-8]
Jun 22, 2024 4:47:41 PM com.qapitol.sauron.api.providers.impl.JaxRsFilter lambda$filter$0
INFO: Date: [Sat, 22 Jun 2024 11:17:41 GMT]
Jun 22, 2024 4:47:41 PM com.qapitol.sauron.api.providers.impl.JaxRsFilter lambda$filter$0
INFO: Etag: [W/"2-vyGp6PvFo4RvsFtPoIWeCReyIC8"]
Jun 22, 2024 4:47:41 PM com.qapitol.sauron.api.providers.impl.JaxRsFilter lambda$filter$0
INFO: Nel: [{"report_to":"heroku-nel","max_age":3600,"success_fraction":0.005,"failure_fraction":0.05,"response_headers":["Via"]}]
Jun 22, 2024 4:47:41 PM com.qapitol.sauron.api.providers.impl.JaxRsFilter lambda$filter$0
INFO: Report-To: [{"group":"heroku-nel","max_age":3600,"endpoints":[{"url":"https://nel.heroku.com/reports?ts=1719055061&sid=c4c9725f-1ab0-44d8-820f-430df2718e11&s=DpnYseomzdbmtqSalzxBgs9oZJzkTOdfhVnG1YE9M8M%3D"}]}]
Jun 22, 2024 4:47:41 PM com.qapitol.sauron.api.providers.impl.JaxRsFilter lambda$filter$0
INFO: Reporting-Endpoints: [heroku-nel=https://nel.heroku.com/reports?ts=1719055061&sid=c4c9725f-1ab0-44d8-820f-430df2718e11&s=DpnYseomzdbmtqSalzxBgs9oZJzkTOdfhVnG1YE9M8M%3D]
Jun 22, 2024 4:47:41 PM com.qapitol.sauron.api.providers.impl.JaxRsFilter lambda$filter$0
INFO: Server: [cloudflare]
Jun 22, 2024 4:47:41 PM com.qapitol.sauron.api.providers.impl.JaxRsFilter lambda$filter$0
INFO: Via: [1.1 vegur]
Jun 22, 2024 4:47:41 PM com.qapitol.sauron.api.providers.impl.JaxRsFilter lambda$filter$0
INFO: X-Powered-By: [Express]
Jun 22, 2024 4:47:41 PM com.qapitol.sauron.core.CoreListener afterInvocation
FINER: ENTRY ApiTest.UnknownAPI()[pri:0, instance:com.scripBox.apitest.ApiTest@3f5156a6] 1062295206 [TestResult name=UnknownAPI status=FAILURE method=ApiTest.UnknownAPI()[pri:0, instance:com.scripBox.apitest.ApiTest@3f5156a6] output={null}] org.testng.TestRunner@2c9306d3
Jun 22, 2024 4:47:41 PM com.qapitol.sauron.core.CoreListener afterInvocation
FINER: RETURN
Jun 22, 2024 4:47:41 PM com.qapitol.sauron.core.RetryAnalyzer retry
FINER: ENTRY
Jun 22, 2024 4:47:41 PM com.qapitol.sauron.core.RetryAnalyzer retry
FINE: RetryAnalyzer, Retrycount: 0
Jun 22, 2024 4:47:41 PM com.qapitol.sauron.core.RetryAnalyzer retry
FINER: RETURN
Jun 22, 2024 4:47:41 PM com.qapitol.sauron.core.CoreListener onFinish
FINER: ENTRY
Jun 22, 2024 4:47:41 PM com.qapitol.sauron.core.CoreListener onFinish
FINER: RETURN
Jun 22, 2024 4:47:41 PM com.qapitol.sauron.report.allure.SauronAllureReportListener onFinish
INFO: allure report has been genarated
Jun 22, 2024 4:47:41 PM com.qapitol.sauron.core.CoreListener onFinish
FINER: ENTRY
Jun 22, 2024 4:47:41 PM com.qapitol.sauron.core.CoreListener onFinish
FINER: RETURN
